RESET_ON
RELE ON
RESET_OFF
RELE OFF
mmult
B_RUN=0
0
B_RUN=1
0
B_RUN=2
0
B_RUN=3
0
B_RUN=4
0
B_RUN=5
0
B_RUN=6
0
B_RUN=7
0
B_RUN=8
0
B_RUN=9
0
B_RUN=10
0
B_RUN=11
0
B_RUN=12
0
B_RUN=13
0
B_RUN=14
0
B_RUN=15
0
B_RUN=16
0
B_RUN=17
0
B_RUN=18
0
B_RUN=19
0
B_RUN=20
0
B_RUN=21
0
B_RUN=22
0
B_RUN=23
0
B_RUN=24
0
B_RUN=25
0
B_RUN=26
0
B_RUN=27
0
B_RUN=28
0
B_RUN=29
0
B_RUN=30
0
B_RUN=31
0
B_RUN=32
0
B_RUN=33
0
B_RUN=34
0
B_RUN=35
0
B_RUN=36
0
B_RUN=37
0
B_RUN=38
0
B_RUN=39
0
B_RUN=40
0
B_RUN=41
0
B_RUN=42
0
B_RUN=43
0
B_RUN=44
0
B_RUN=45
0
B_RUN=46
0
B_RUN=47
0
B_RUN=48
0
B_RUN=49
0
B_RUN=50
0
B_RUN=51
137
RESET_ON
RELE ON
RESET_OFF
RELE OFF
B_RUN=52
0
B_RUN=53
137
RESET_ON
RELE ON
RESET_OFF
RELE OFF
B_RUN=54
0
B_RUN=55
137
RESET_ON
RELE ON
RESET_OFF
RELE OFF
B_RUN=56
0
B_RUN=57
0
B_RUN=58
0
B_RUN=59
0
B_RUN=60
0
B_RUN=61
0
B_RUN=62
0
B_RUN=63
0
B_RUN=64
0
B_RUN=65
0
B_RUN=66
0
B_RUN=67
0
B_RUN=68
0
B_RUN=69
0
B_RUN=70
0
B_RUN=71
0
B_RUN=72
0
B_RUN=73
0
B_RUN=74
0
B_RUN=75
0
B_RUN=76
0
B_RUN=77
0
B_RUN=78
0
B_RUN=79
0
B_RUN=80
0
B_RUN=81
0
B_RUN=82
0
B_RUN=83
0
B_RUN=84
0
B_RUN=85
0
B_RUN=86
0
B_RUN=87
0
B_RUN=88
0
B_RUN=89
0
B_RUN=90
0
B_RUN=91
0
B_RUN=92
0
B_RUN=93
0
B_RUN=94
0
B_RUN=95
0
B_RUN=96
0
B_RUN=97
0
B_RUN=98
0
B_RUN=99
0
B_RUN=100
0
B_RUN=101
0
B_RUN=102
0
B_RUN=103
0
B_RUN=104
137
RESET_ON
RELE ON
RESET_OFF
RELE OFF
B_RUN=105
0
B_RUN=106
0
B_RUN=107
0
B_RUN=108
0
B_RUN=109
0
B_RUN=110
0
B_RUN=111
0
B_RUN=112
0
B_RUN=113
0
B_RUN=114
0
B_RUN=115
0
B_RUN=116
0
B_RUN=117
137
RESET_ON
RELE ON
RESET_OFF
RELE OFF
B_RUN=118
0
B_RUN=119
0
B_RUN=120
0
B_RUN=121
0
B_RUN=122
