RESET_ON
RELE ON
RESET_OFF
RELE OFF
mmult
B_RUN=0
137
RESET_ON
RELE ON
RESET_OFF
RELE OFF
B_RUN=1
137
RESET_ON
RELE ON
RESET_OFF
RELE OFF
B_RUN=2
0
B_RUN=3
0
B_RUN=4
0
B_RUN=5
137
RESET_ON
RELE ON
RESET_OFF
RELE OFF
B_RUN=6
0
B_RUN=7
137
RESET_ON
RELE ON
RESET_OFF
RELE OFF
B_RUN=8
0
B_RUN=9
137
RESET_ON
RELE ON
RESET_OFF
RELE OFF
B_RUN=10
0
B_RUN=11
137
RESET_ON
RELE ON
RESET_OFF
RELE OFF
B_RUN=12
0
B_RUN=13
0
B_RUN=14
0
B_RUN=15
0
B_RUN=16
0
B_RUN=17
0
B_RUN=18
0
B_RUN=19
0
B_RUN=20
0
B_RUN=21
0
B_RUN=22
0
B_RUN=23
0
B_RUN=24
