RESET_ON
RELE ON
RESET_OFF
RELE OFF
mmult
B_RUN=0
0
B_RUN=1
137
RESET_ON
RELE ON
RESET_OFF
RELE OFF
B_RUN=2
0
B_RUN=3
RESET_ON
RELE ON
RESET_OFF
RELE OFF
mmult
B_RUN=0
0
B_RUN=1
0
B_RUN=2
0
B_RUN=3
137
RESET_ON
RELE ON
RESET_OFF
RELE OFF
B_RUN=4
0
B_RUN=5
137
RESET_ON
RELE ON
RESET_OFF
RELE OFF
B_RUN=6
0
B_RUN=7
0
B_RUN=8
0
B_RUN=9
0
B_RUN=10
0
B_RUN=11
0
B_RUN=12
137
RESET_ON
RELE ON
RESET_OFF
RELE OFF
B_RUN=13
0
B_RUN=14
0
B_RUN=15
0
B_RUN=16
0
B_RUN=17
0
B_RUN=18
0
B_RUN=19
0
B_RUN=20
0
B_RUN=21
0
B_RUN=22
0
B_RUN=23
137
RESET_ON
RELE ON
RESET_OFF
RELE OFF
B_RUN=24
0
B_RUN=25
0
B_RUN=26
0
B_RUN=27
0
B_RUN=28
137
RESET_ON
RELE ON
RESET_OFF
RELE OFF
B_RUN=29
0
B_RUN=30
0
B_RUN=31
0
B_RUN=32
0
B_RUN=33
0
B_RUN=34
0
B_RUN=35
137
RESET_ON
RELE ON
RESET_OFF
RELE OFF
B_RUN=36
0
B_RUN=37
0
B_RUN=38
137
RESET_ON
RELE ON
RESET_OFF
RELE OFF
B_RUN=39
0
B_RUN=40
0
B_RUN=41
0
B_RUN=42
0
B_RUN=43
0
B_RUN=44
0
B_RUN=45
0
B_RUN=46
0
B_RUN=47
0
B_RUN=48
0
B_RUN=49
0
B_RUN=50
0
B_RUN=51
0
B_RUN=52
0
B_RUN=53
0
B_RUN=54
137
RESET_ON
RELE ON
RESET_OFF
RELE OFF
B_RUN=55
0
B_RUN=56
0
B_RUN=57
0
B_RUN=58
137
RESET_ON
RELE ON
RESET_OFF
RELE OFF
B_RUN=59
0
B_RUN=60
0
B_RUN=61
0
B_RUN=62
0
B_RUN=63
0
B_RUN=64
0
B_RUN=65
0
B_RUN=66
0
B_RUN=67
0
B_RUN=68
137
RESET_ON
RELE ON
RESET_OFF
RELE OFF
B_RUN=69
