20220313_12_59_54: RESET_ON
20220313_12_59_54: RELE ON
20220313_12_59_57: RESET_OFF
20220313_12_59_57: RELE OFF
20220313_13_00_22: mmult
20220313_13_00_22: B_RUN=0
20220313_13_00_43: 0
20220313_13_00_43: B_RUN=1
20220313_13_01_04: 0
20220313_13_01_04: B_RUN=2
20220313_13_01_24: 0
20220313_13_01_24: B_RUN=3
20220313_13_01_44: 0
20220313_13_01_44: B_RUN=4
20220313_13_02_04: 0
20220313_13_02_04: B_RUN=5
20220313_13_02_24: 0
20220313_13_02_24: B_RUN=6
20220313_13_02_45: 0
20220313_13_02_45: B_RUN=7
20220313_13_03_05: 0
20220313_13_03_05: B_RUN=8
20220313_13_03_25: 0
20220313_13_03_25: B_RUN=9
20220313_13_03_45: 0
20220313_13_03_45: B_RUN=10
20220313_13_04_05: 0
20220313_13_04_05: B_RUN=11
20220313_13_04_25: 0
20220313_13_04_25: B_RUN=12
20220313_13_04_45: 0
20220313_13_04_45: B_RUN=13
20220313_13_05_10: 0
20220313_13_05_10: B_RUN=14
20220313_13_05_35: 0
20220313_13_05_35: B_RUN=15
20220313_13_05_44: 0
20220313_13_05_44: B_RUN=16
20220313_13_06_04: 0
20220313_13_06_04: B_RUN=17
20220313_13_06_25: 0
20220313_13_06_25: B_RUN=18
20220313_13_06_45: 0
20220313_13_06_45: B_RUN=19
20220313_13_07_05: 0
20220313_13_07_05: B_RUN=20
20220313_13_07_25: 0
20220313_13_07_25: B_RUN=21
20220313_13_07_45: 0
20220313_13_07_45: B_RUN=22
20220313_13_08_06: 0
20220313_13_08_06: B_RUN=23
20220313_13_08_26: 0
20220313_13_08_26: B_RUN=24
20220313_13_08_46: 0
20220313_13_08_46: B_RUN=25
20220313_13_09_11: 0
20220313_13_09_11: B_RUN=26
20220313_13_09_36: 0
20220313_13_09_36: B_RUN=27
20220313_13_10_01: 0
20220313_13_10_01: B_RUN=28
20220313_13_10_26: 0
20220313_13_10_26: B_RUN=29
20220313_13_10_49: 0
20220313_13_10_49: B_RUN=30
20220313_13_11_09: 0
20220313_13_11_09: B_RUN=31
20220313_13_11_30: 0
20220313_13_11_30: B_RUN=32
20220313_13_11_55: 0
20220313_13_11_55: B_RUN=33
20220313_13_12_20: 0
20220313_13_12_20: B_RUN=34
20220313_13_12_42: 0
20220313_13_12_42: B_RUN=35
20220313_13_13_03: 0
20220313_13_13_03: B_RUN=36
20220313_13_13_23: 0
20220313_13_13_23: B_RUN=37
20220313_13_13_43: 0
20220313_13_13_43: B_RUN=38
20220313_13_14_03: 0
20220313_13_14_03: B_RUN=39
20220313_13_14_23: 0
20220313_13_14_23: B_RUN=40
20220313_13_14_43: 0
20220313_13_14_43: B_RUN=41
20220313_13_15_04: 0
20220313_13_15_04: B_RUN=42
20220313_13_15_29: 0
20220313_13_15_29: B_RUN=43
20220313_13_15_54: 0
20220313_13_15_54: B_RUN=44
20220313_13_16_17: 0
20220313_13_16_17: B_RUN=45
20220313_13_16_42: 0
20220313_13_16_42: B_RUN=46
20220313_13_17_07: 0
20220313_13_17_07: B_RUN=47
20220313_13_17_32: 0
20220313_13_17_32: B_RUN=48
