20220313_12_54_49: RESET_ON
20220313_12_54_49: RELE ON
20220313_12_54_52: RESET_OFF
20220313_12_54_52: RELE OFF
20220313_12_55_17: mmult
20220313_12_55_17: B_RUN=0
20220313_12_55_36: 0
20220313_12_55_36: B_RUN=1
20220313_12_55_39: 0
20220313_12_55_39: B_RUN=2
20220313_12_56_04: 0
20220313_12_56_04: B_RUN=3
20220313_12_56_29: 0
20220313_12_56_29: B_RUN=4
20220313_12_56_47: 0
20220313_12_56_47: B_RUN=5
20220313_12_56_51: 0
20220313_12_56_51: B_RUN=6
20220313_12_56_54: 0
20220313_12_56_54: B_RUN=7
20220313_12_56_57: 0
20220313_12_56_57: B_RUN=8
20220313_12_57_00: 0
20220313_12_57_00: B_RUN=9
20220313_12_57_03: 0
20220313_12_57_03: B_RUN=10
20220313_12_57_06: 0
20220313_12_57_06: B_RUN=11
20220313_12_57_09: 0
20220313_12_57_09: B_RUN=12
20220313_12_57_12: 0
20220313_12_57_12: B_RUN=13
20220313_12_57_15: 0
20220313_12_57_15: B_RUN=14
20220313_12_57_18: 0
20220313_12_57_18: B_RUN=15
20220313_12_57_21: 0
20220313_12_57_21: B_RUN=16
20220313_12_57_24: 0
20220313_12_57_24: B_RUN=17
