RESET_ON
RELE ON
RESET_OFF
RELE OFF
mmult
B_RUN=0
0
B_RUN=1
0
B_RUN=2
0
B_RUN=3
0
B_RUN=4
0
B_RUN=5
0
B_RUN=6
137
RESET_ON
RELE ON
RESET_OFF
RELE OFF
B_RUN=7
137
RESET_ON
RELE ON
RESET_OFF
RELE OFF
B_RUN=8
137
RESET_ON
RELE ON
RESET_OFF
RELE OFF
B_RUN=9
137
RESET_ON
RELE ON
RESET_OFF
RELE OFF
B_RUN=10
0
B_RUN=11
137
RESET_ON
RELE ON
RESET_OFF
RELE OFF
B_RUN=12
0
B_RUN=13
137
RESET_ON
RELE ON
RESET_OFF
RELE OFF
B_RUN=14
137
RESET_ON
RELE ON
RESET_OFF
RELE OFF
B_RUN=15
137
RESET_ON
RELE ON
RESET_OFF
RELE OFF
B_RUN=16
0
B_RUN=17
0
B_RUN=18
0
B_RUN=19
0
B_RUN=20
